<?xml version="1.0" encoding="UTF-8"?>
<!-- Generated by org.testng.reporters.JUnitXMLReporter -->
<testsuite hostname="DESKTOP-01THEB1" ignored="4" name="Regression" tests="2" failures="0" timestamp="15 Jun 2019 16:44:53 GMT" time="0.161" errors="0">
  <testcase name="createTask" time="0.041" classname="com.edureka.testng.TaskModuleScripts"/>
  <testcase name="createUser" time="0.013" classname="com.edureka.testng.UserModuleScripts"/>
  <testcase name="editUser" time="0.0" classname="com.edureka.testng.UserModuleScripts">
    <ignored/>
  </testcase> <!-- editUser -->
  <testcase name="deleteUser" time="0.0" classname="com.edureka.testng.UserModuleScripts">
    <ignored/>
  </testcase> <!-- deleteUser -->
  <testcase name="deleteTask" time="0.0" classname="com.edureka.testng.TaskModuleScripts">
    <ignored/>
  </testcase> <!-- deleteTask -->
  <testcase name="editTask" time="0.0" classname="com.edureka.testng.TaskModuleScripts">
    <ignored/>
  </testcase> <!-- editTask -->
</testsuite> <!-- Regression -->
