<?xml version="1.0" encoding="UTF-8"?>
<testng-results skipped="0" failed="0" ignored="0" total="1" passed="1">
  <reporter-output>
  </reporter-output>
  <suite name="SeleniumProject" duration-ms="76158" started-at="2019-07-06T17:26:22Z" finished-at="2019-07-06T17:27:38Z">
    <groups>
    </groups>
    <test name="Regression" duration-ms="76158" started-at="2019-07-06T17:26:22Z" finished-at="2019-07-06T17:27:38Z">
      <class name="com.edureka.thirdpartytools.LoginToFacebookUsingSikuli">
        <test-method status="PASS" signature="loginToFacebook()[pri:0, instance:com.edureka.thirdpartytools.LoginToFacebookUsingSikuli@7f9a81e8]" name="loginToFacebook" duration-ms="76066" started-at="2019-07-06T17:26:22Z" finished-at="2019-07-06T17:27:38Z">
          <reporter-output>
          </reporter-output>
        </test-method> <!-- loginToFacebook -->
      </class> <!-- com.edureka.thirdpartytools.LoginToFacebookUsingSikuli -->
    </test> <!-- Regression -->
  </suite> <!-- SeleniumProject -->
</testng-results>
